<?xml version="1.0" encoding="UTF-8"?>
<!-- Generated by org.testng.reporters.JUnitReportReporter -->
<testsuite hostname="LAPTOP-BDUQHCS1" failures="0" tests="1" name="seleniumConcepts.LaunchBrowser" time="2.320" errors="0" timestamp="2023-08-04T08:40:04 IST" skipped="0">
  <testcase classname="seleniumConcepts.LaunchBrowser" name="launch" time="2.320"/>
  <system-out/>
</testsuite> <!-- seleniumConcepts.LaunchBrowser -->
