<?xml version="1.0" encoding="UTF-8"?>
<!-- Generated by org.testng.reporters.JUnitReportReporter -->
<testsuite hostname="LAPTOP-BDUQHCS1" failures="0" tests="2" name="mgk.tests.SubmitOrderHashMapTest" time="13.290" errors="0" timestamp="2023-07-19T16:23:51 IST" skipped="0">
  <testcase classname="mgk.tests.SubmitOrderHashMapTest" name="submitOrder" time="6.747"/>
  <system-out/>
  <testcase classname="mgk.tests.SubmitOrderHashMapTest" name="submitOrder" time="6.543"/>
  <system-out/>
</testsuite> <!-- mgk.tests.SubmitOrderHashMapTest -->
