<?xml version="1.0" encoding="UTF-8"?>
<!-- Generated by org.testng.reporters.JUnitReportReporter -->
<testsuite hostname="LAPTOP-BDUQHCS1" failures="0" tests="1" name="mgk.tests.ErrorValidations" time="7.583" errors="0" timestamp="19 Jul 2023 06:46:31 GMT" skipped="0">
  <testcase classname="mgk.tests.ErrorValidations" name="sumbitOrder" time="7.583"/>
</testsuite> <!-- mgk.tests.ErrorValidations -->
