<?xml version="1.0" encoding="UTF-8"?>
<!-- Generated by org.testng.reporters.JUnitReportReporter -->
<testsuite hostname="LAPTOP-BDUQHCS1" failures="0" tests="3" name="mgk.tests.SubmitOrderTest" time="20.028" errors="0" timestamp="2023-07-19T17:32:16 IST" skipped="0">
  <testcase classname="mgk.tests.SubmitOrderTest" name="submitOrder" time="10.056"/>
  <system-out/>
  <testcase classname="mgk.tests.SubmitOrderTest" name="OrderHistoryTest" time="3.497"/>
  <system-out/>
  <testcase classname="mgk.tests.SubmitOrderTest" name="submitOrder" time="6.475"/>
  <system-out/>
</testsuite> <!-- mgk.tests.SubmitOrderTest -->
